<?xml version="1.0" encoding="utf-8"?>
<!DOCTYPE hibernate-configuration PUBLIC
	"-//Hibernate/Hibernate Configuration DTD 3.0//EN"
	"http://hibernate.sourceforge.net/hibernate-configuration-3.0.dtd">

<hibernate-configuration>
	<session-factory>
		<mapping resource="DataIntegrityCheck.hbm.xml" />
		<mapping resource="DataIntegrityColumn.hbm.xml" />
		<mapping resource="DataIntegrityResult.hbm.xml" />
		<mapping resource="DataIntegrityRun.hbm.xml" />
	</session-factory>
</hibernate-configuration>
